2024-08-12T23:54:39.401+09:00  INFO 20580 --- [tuitui] [main] suftware.tuitui.TuituiApplication        : Starting TuituiApplication using Java 17.0.10 with PID 20580 (C:\Users\ps200\SpringBoot\tuitui_backend\build\classes\java\main started by ps200 in C:\Users\ps200\SpringBoot\tuitui_backend)
2024-08-12T23:54:39.403+09:00  INFO 20580 --- [tuitui] [main] suftware.tuitui.TuituiApplication        : No active profile set, falling back to 1 default profile: "default"
2024-08-12T23:54:40.067+09:00  INFO 20580 --- [tuitui] [main] .s.d.r.c.RepositoryConfigurationDelegate : Bootstrapping Spring Data JPA repositories in DEFAULT mode.
2024-08-12T23:54:40.147+09:00  INFO 20580 --- [tuitui] [main] .s.d.r.c.RepositoryConfigurationDelegate : Finished Spring Data repository scanning in 72 ms. Found 11 JPA repository interfaces.
2024-08-12T23:54:40.764+09:00  INFO 20580 --- [tuitui] [main] o.s.b.w.embedded.tomcat.TomcatWebServer  : Tomcat initialized with port 8080 (http)
2024-08-12T23:54:40.778+09:00  INFO 20580 --- [tuitui] [main] o.apache.catalina.core.StandardService   : Starting service [Tomcat]
2024-08-12T23:54:40.778+09:00  INFO 20580 --- [tuitui] [main] o.apache.catalina.core.StandardEngine    : Starting Servlet engine: [Apache Tomcat/10.1.19]
2024-08-12T23:54:40.862+09:00  INFO 20580 --- [tuitui] [main] o.a.c.c.C.[Tomcat].[localhost].[/]       : Initializing Spring embedded WebApplicationContext
2024-08-12T23:54:40.863+09:00  INFO 20580 --- [tuitui] [main] w.s.c.ServletWebServerApplicationContext : Root WebApplicationContext: initialization completed in 1415 ms
2024-08-12T23:54:41.034+09:00  INFO 20580 --- [tuitui] [main] o.hibernate.jpa.internal.util.LogHelper  : HHH000204: Processing PersistenceUnitInfo [name: default]
2024-08-12T23:54:41.105+09:00  INFO 20580 --- [tuitui] [main] org.hibernate.Version                    : HHH000412: Hibernate ORM core version 6.4.4.Final
2024-08-12T23:54:41.147+09:00  INFO 20580 --- [tuitui] [main] o.h.c.internal.RegionFactoryInitiator    : HHH000026: Second-level cache disabled
2024-08-12T23:54:41.388+09:00  INFO 20580 --- [tuitui] [main] o.s.o.j.p.SpringPersistenceUnitInfo      : No LoadTimeWeaver setup: ignoring JPA class transformer
2024-08-12T23:54:41.419+09:00  INFO 20580 --- [tuitui] [main] com.zaxxer.hikari.HikariDataSource       : HikariPool-1 - Starting...
2024-08-12T23:54:41.700+09:00  INFO 20580 --- [tuitui] [main] com.zaxxer.hikari.pool.HikariPool        : HikariPool-1 - Added connection com.mysql.cj.jdbc.ConnectionImpl@6aa6c17
2024-08-12T23:54:41.702+09:00  INFO 20580 --- [tuitui] [main] com.zaxxer.hikari.HikariDataSource       : HikariPool-1 - Start completed.
2024-08-12T23:54:41.746+09:00  WARN 20580 --- [tuitui] [main] org.hibernate.orm.deprecation            : HHH90000025: MySQLDialect does not need to be specified explicitly using 'hibernate.dialect' (remove the property setting and it will be selected by default)
2024-08-12T23:54:42.644+09:00  INFO 20580 --- [tuitui] [main] o.h.e.t.j.p.i.JtaPlatformInitiator       : HHH000489: No JTA platform available (set 'hibernate.transaction.jta.platform' to enable JTA platform integration)
2024-08-12T23:54:42.762+09:00  INFO 20580 --- [tuitui] [main] j.LocalContainerEntityManagerFactoryBean : Initialized JPA EntityManagerFactory for persistence unit 'default'
2024-08-12T23:54:43.163+09:00  INFO 20580 --- [tuitui] [main] o.s.d.j.r.query.QueryEnhancerFactory     : Hibernate is in classpath; If applicable, HQL parser will be used.
2024-08-12T23:54:44.187+09:00  WARN 20580 --- [tuitui] [main] JpaBaseConfiguration$JpaWebConfiguration : spring.jpa.open-in-view is enabled by default. Therefore, database queries may be performed during view rendering. Explicitly configure spring.jpa.open-in-view to disable this warning
2024-08-12T23:54:44.219+09:00  INFO 20580 --- [tuitui] [main] o.s.b.a.w.s.WelcomePageHandlerMapping    : Adding welcome page: class path resource [static/index.html]
2024-08-12T23:54:44.347+09:00 DEBUG 20580 --- [tuitui] [main] s.w.s.m.m.a.RequestMappingHandlerMapping : 41 mappings in 'requestMappingHandlerMapping'
2024-08-12T23:54:44.454+09:00 DEBUG 20580 --- [tuitui] [main] o.s.w.s.handler.SimpleUrlHandlerMapping  : Patterns [/webjars/**, /**] in 'resourceHandlerMapping'
2024-08-12T23:54:44.493+09:00 DEBUG 20580 --- [tuitui] [main] s.w.s.m.m.a.RequestMappingHandlerAdapter : ControllerAdvice beans: 0 @ModelAttribute, 0 @InitBinder, 1 RequestBodyAdvice, 1 ResponseBodyAdvice
2024-08-12T23:54:44.534+09:00 DEBUG 20580 --- [tuitui] [main] .m.m.a.ExceptionHandlerExceptionResolver : ControllerAdvice beans: 1 @ExceptionHandler, 1 ResponseBodyAdvice
2024-08-12T23:54:44.739+09:00  INFO 20580 --- [tuitui] [main] o.s.b.w.embedded.tomcat.TomcatWebServer  : Tomcat started on port 8080 (http) with context path ''
2024-08-12T23:54:44.747+09:00  INFO 20580 --- [tuitui] [main] suftware.tuitui.TuituiApplication        : Started TuituiApplication in 5.786 seconds (process running for 6.123)
2024-08-12T23:54:53.531+09:00  INFO 20580 --- [tuitui] [http-nio-8080-exec-2] o.a.c.c.C.[Tomcat].[localhost].[/]       : Initializing Spring DispatcherServlet 'dispatcherServlet'
2024-08-12T23:54:53.531+09:00  INFO 20580 --- [tuitui] [http-nio-8080-exec-2] o.s.web.servlet.DispatcherServlet        : Initializing Servlet 'dispatcherServlet'
2024-08-12T23:54:53.532+09:00 DEBUG 20580 --- [tuitui] [http-nio-8080-exec-2] o.s.web.servlet.DispatcherServlet        : Detected StandardServletMultipartResolver
2024-08-12T23:54:53.532+09:00 DEBUG 20580 --- [tuitui] [http-nio-8080-exec-2] o.s.web.servlet.DispatcherServlet        : Detected AcceptHeaderLocaleResolver
2024-08-12T23:54:53.532+09:00 DEBUG 20580 --- [tuitui] [http-nio-8080-exec-2] o.s.web.servlet.DispatcherServlet        : Detected FixedThemeResolver
2024-08-12T23:54:53.532+09:00 DEBUG 20580 --- [tuitui] [http-nio-8080-exec-2] o.s.web.servlet.DispatcherServlet        : Detected org.springframework.web.servlet.view.DefaultRequestToViewNameTranslator@794ffe22
2024-08-12T23:54:53.533+09:00 DEBUG 20580 --- [tuitui] [http-nio-8080-exec-2] o.s.web.servlet.DispatcherServlet        : Detected org.springframework.web.servlet.support.SessionFlashMapManager@685f43ca
2024-08-12T23:54:53.533+09:00 DEBUG 20580 --- [tuitui] [http-nio-8080-exec-2] o.s.web.servlet.DispatcherServlet        : enableLoggingRequestDetails='false': request parameters and headers will be masked to prevent unsafe logging of potentially sensitive data
2024-08-12T23:54:53.533+09:00  INFO 20580 --- [tuitui] [http-nio-8080-exec-2] o.s.web.servlet.DispatcherServlet        : Completed initialization in 1 ms
2024-08-12T23:54:53.539+09:00 DEBUG 20580 --- [tuitui] [http-nio-8080-exec-2] o.s.web.servlet.DispatcherServlet        : POST "/api/image/upload", parameters={multipart}
2024-08-12T23:54:53.544+09:00  WARN 20580 --- [tuitui] [http-nio-8080-exec-2] org.apache.catalina.connector.Request    : Creating the temporary upload location [C:\Users\ps200\AppData\Local\Temp\tomcat.8080.4378601886537031967\work\Tomcat\localhost\ROOT\${MULTIPART_TEMP_ROOT}] as it is required by the servlet [dispatcherServlet]
2024-08-12T23:54:53.585+09:00 DEBUG 20580 --- [tuitui] [http-nio-8080-exec-2] s.w.s.m.m.a.RequestMappingHandlerMapping : Mapped to suftware.tuitui.controller.ImageController#uploadImage(ImageRequestDto, MultipartFile, String)
2024-08-12T23:54:53.609+09:00 DEBUG 20580 --- [tuitui] [http-nio-8080-exec-2] .m.m.a.RequestPartMethodArgumentResolver : Read "application/json" to [suftware.tuitui.dto.request.ImageRequestDto@5d48db0f]
2024-08-12T23:54:53.616+09:00 DEBUG 20580 --- [tuitui] [http-nio-8080-exec-2] .m.m.a.RequestPartMethodArgumentResolver : Read "application/octet-stream" to ["thumb_image"]
2024-08-12T23:54:53.617+09:00  INFO 20580 --- [tuitui] [http-nio-8080-exec-2] s.tuitui.controller.ImageController      : ========== ImageController.uploadImage: Called with parameters ==========
2024-08-12T23:54:53.617+09:00  INFO 20580 --- [tuitui] [http-nio-8080-exec-2] s.tuitui.controller.ImageController      : ImageController.uploadImage ---------- Received directory path: thumb_image
2024-08-12T23:54:53.617+09:00  INFO 20580 --- [tuitui] [http-nio-8080-exec-2] s.tuitui.controller.ImageController      : ImageController.uploadImage ---------- Received ImageRequestDto: suftware.tuitui.dto.request.ImageRequestDto@5d48db0f
2024-08-12T23:54:53.617+09:00  INFO 20580 --- [tuitui] [http-nio-8080-exec-2] s.tuitui.controller.ImageController      : ImageController.uploadImage ---------- TimeCapsule ID: 108
2024-08-12T23:54:53.617+09:00  INFO 20580 --- [tuitui] [http-nio-8080-exec-2] s.tuitui.controller.ImageController      : ImageController.uploadImage ---------- Received file: 16306614_Designs_1_09.jpg
2024-08-12T23:54:53.617+09:00  INFO 20580 --- [tuitui] [http-nio-8080-exec-2] s.tuitui.controller.ImageController      : ImageController.uploadImage ---------- File size: 2994460 bytes
2024-08-12T23:54:53.617+09:00  INFO 20580 --- [tuitui] [http-nio-8080-exec-2] s.tuitui.controller.ImageController      : ImageController.uploadImage ---------- File content type: multipart/form-data
2024-08-12T23:54:53.617+09:00  INFO 20580 --- [tuitui] [http-nio-8080-exec-2] s.tuitui.controller.ImageController      : ========== ImageController.uploadImage: Calling ImageService.uploadImages ==========
2024-08-12T23:54:53.617+09:00  INFO 20580 --- [tuitui] [http-nio-8080-exec-2] suftware.tuitui.service.ImageService     : ImageService.uploadImages ---------- Starting the image upload process. Path: thumb_image, TimeCapsule ID: 108
2024-08-12T23:54:53.686+09:00  INFO 20580 --- [tuitui] [http-nio-8080-exec-2] suftware.tuitui.service.ImageService     : ImageService.uploadImages ---------- Successfully retrieved TimeCapsule ID: 108
2024-08-12T23:54:53.687+09:00  INFO 20580 --- [tuitui] [http-nio-8080-exec-2] suftware.tuitui.service.ImageService     : ImageService.uploadImages ---------- Generated unique file with path: thumb_image/cead54d1-56dd-41a3-8bc1-dab3241862cd.jpg
2024-08-12T23:54:53.732+09:00  INFO 20580 --- [tuitui] [http-nio-8080-exec-2] suftware.tuitui.service.ImageService     : ImageService.uploadImages ---------- Uploading file to S3 bucket/thumb_image
2024-08-12T23:54:54.153+09:00  WARN 20580 --- [tuitui] [http-nio-8080-exec-2] com.amazonaws.util.Base64                : JAXB is unavailable. Will fallback to SDK implementation which may be less performant.If you are using Java 9+, you will need to include javax.xml.bind:jaxb-api as a dependency.
2024-08-12T23:54:54.155+09:00  INFO 20580 --- [tuitui] [http-nio-8080-exec-2] suftware.tuitui.service.ImageService     : ImageService.uploadImages ---------- File successfully uploaded to S3. https://s3.ap-northeast-2.amazonaws.com/thumb_image/thumb_image/cead54d1-56dd-41a3-8bc1-dab3241862cd.jpg
2024-08-12T23:54:54.188+09:00  INFO 20580 --- [tuitui] [http-nio-8080-exec-2] suftware.tuitui.service.ImageService     : ImageService.uploadImages ---------- Image record saved in the database. Image ID: 57, URL: https://s3.ap-northeast-2.amazonaws.com/thumb_image/thumb_image/cead54d1-56dd-41a3-8bc1-dab3241862cd.jpg
2024-08-12T23:54:54.189+09:00  INFO 20580 --- [tuitui] [http-nio-8080-exec-2] s.tuitui.controller.ImageController      : ImageController.uploadImage ---------- Image upload successful, ImageResponseDto: suftware.tuitui.dto.response.ImageResponseDto@6ad7b673
2024-08-12T23:54:54.189+09:00  INFO 20580 --- [tuitui] [http-nio-8080-exec-2] s.tuitui.controller.ImageController      : ========== ImageController.uploadImage: Completed ==========
2024-08-12T23:54:54.196+09:00 DEBUG 20580 --- [tuitui] [http-nio-8080-exec-2] m.m.a.RequestResponseBodyMethodProcessor : Using 'application/json', given [*/*] and supported [application/json, application/*+json, application/cbor]
2024-08-12T23:54:54.196+09:00 DEBUG 20580 --- [tuitui] [http-nio-8080-exec-2] m.m.a.RequestResponseBodyMethodProcessor : Writing [Optional[suftware.tuitui.dto.response.ImageResponseDto@6ad7b673]]
2024-08-12T23:54:54.212+09:00 DEBUG 20580 --- [tuitui] [http-nio-8080-exec-2] o.s.web.servlet.DispatcherServlet        : Completed 200 OK
